c:\users\dann\desktop\bblean-master\lib\x64\debug\lib.pdb
c:\users\dann\desktop\bblean-master\lib\x64\debug\winutils.obj
c:\users\dann\desktop\bblean-master\lib\x64\debug\tokenize.obj
c:\users\dann\desktop\bblean-master\lib\x64\debug\tinylist.obj
c:\users\dann\desktop\bblean-master\lib\x64\debug\styleprops.obj
c:\users\dann\desktop\bblean-master\lib\x64\debug\strings.obj
c:\users\dann\desktop\bblean-master\lib\x64\debug\pidl.obj
c:\users\dann\desktop\bblean-master\lib\x64\debug\paths.obj
c:\users\dann\desktop\bblean-master\lib\x64\debug\numbers.obj
c:\users\dann\desktop\bblean-master\lib\x64\debug\m_alloc.obj
c:\users\dann\desktop\bblean-master\lib\x64\debug\moreutils.obj
c:\users\dann\desktop\bblean-master\lib\x64\debug\colors.obj
c:\users\dann\desktop\bblean-master\lib\x64\debug\bools.obj
c:\users\dann\desktop\bblean-master\lib\x64\debug\bbroot.obj
c:\users\dann\desktop\bblean-master\lib\x64\debug\bbrc.obj
c:\users\dann\desktop\bblean-master\blackbox\x64\debug\lib.lib
c:\users\dann\desktop\bblean-master\lib\x64\debug\lib.tlog\cl.command.1.tlog
c:\users\dann\desktop\bblean-master\lib\x64\debug\lib.tlog\cl.read.1.tlog
c:\users\dann\desktop\bblean-master\lib\x64\debug\lib.tlog\cl.write.1.tlog
c:\users\dann\desktop\bblean-master\lib\x64\debug\lib.tlog\lib-link.read.1.tlog
c:\users\dann\desktop\bblean-master\lib\x64\debug\lib.tlog\lib-link.write.1.tlog
c:\users\dann\desktop\bblean-master\lib\x64\debug\lib.tlog\lib.command.1.tlog
